<?xml version="1.0" encoding="UTF-8"?>
<testsuite xmlns:xsi="http://www.w3.org/2001/XMLSchema-instance" xsi:noNamespaceSchemaLocation="https://maven.apache.org/surefire/maven-surefire-plugin/xsd/surefire-test-report-3.0.xsd" version="3.0" name="com.laboratoire.laboratoire_service.PerformanceTest" time="11.198" tests="1" errors="0" skipped="0" failures="0">
  <properties>
[...]
</properties>
  <testcase name="testLaboratoireServicePerformance" classname="com.laboratoire.laboratoire_service.PerformanceTest" time="10.526">
    <system-out><![CDATA[00:54:14.357 [main] INFO org.apache.jmeter.util.JMeterUtils -- Setting Locale to en_US
00:54:15.249 [main] INFO org.apache.jmeter.save.SaveService -- Testplan (JMX) version: 2.2. Testlog (JTL) version: 2.2
00:54:15.264 [main] WARN org.apache.jmeter.save.SaveService -- Bad _version - expected 5.0, found .
00:54:15.264 [main] INFO org.apache.jmeter.save.SaveService -- fileEncoding not defined - using JRE default
00:54:15.265 [main] INFO org.apache.jmeter.save.SaveService -- fileEncoding not defined - using JRE default
00:54:15.345 [main] INFO org.apache.jmeter.engine.StandardJMeterEngine -- Running the test!
00:54:15.362 [main] INFO org.apache.jmeter.samplers.SampleEvent -- List of sample_variables: []
00:54:15.362 [main] INFO org.apache.jmeter.samplers.SampleEvent -- List of sample_variables: []
00:54:15.369 [main] WARN org.apache.jmeter.engine.util.CompoundVariable -- Did not find any functions
00:54:15.379 [main] INFO org.apache.jmeter.services.FileServer -- Default base='C:\Users\MSI\Desktop\Laboratory_Project\Backend\laboratoire-service'
00:54:15.417 [main] INFO org.apache.jmeter.engine.StandardJMeterEngine -- Starting ThreadGroup: 1 : Laboratoire Service Thread Group
00:54:15.417 [main] INFO org.apache.jmeter.engine.StandardJMeterEngine -- Starting 50 threads for group Laboratoire Service Thread Group.
00:54:15.417 [main] INFO org.apache.jmeter.engine.StandardJMeterEngine -- Thread will continue on error
00:54:15.417 [main] INFO org.apache.jmeter.threads.ThreadGroup -- Starting thread group... number=1 threads=50 ramp-up=10 delayedStart=false
00:54:15.427 [Laboratoire Service Thread Group 1-1] INFO org.apache.jmeter.threads.JMeterThread -- Thread started: Laboratoire Service Thread Group 1-1
00:54:15.446 [main] INFO org.apache.jmeter.threads.ThreadGroup -- Started thread group number 1
00:54:15.446 [main] INFO org.apache.jmeter.engine.StandardJMeterEngine -- All thread groups have been started
00:54:15.477 [Laboratoire Service Thread Group 1-1] INFO org.apache.jmeter.protocol.http.sampler.HTTPHCAbstractImpl -- Local host = DESKTOP-0ORNS4N
00:54:15.492 [Laboratoire Service Thread Group 1-1] INFO org.apache.jmeter.protocol.http.sampler.HTTPHC4Impl -- HTTP request retry count = 0
00:54:15.495 [Laboratoire Service Thread Group 1-1] INFO org.apache.jmeter.samplers.SampleResult -- Note: Sample TimeStamps are END times
00:54:15.495 [Laboratoire Service Thread Group 1-1] INFO org.apache.jmeter.samplers.SampleResult -- sampleresult.default.encoding is set to ISO-8859-1
00:54:15.495 [Laboratoire Service Thread Group 1-1] INFO org.apache.jmeter.samplers.SampleResult -- sampleresult.useNanoTime=true
00:54:15.495 [Laboratoire Service Thread Group 1-1] INFO org.apache.jmeter.samplers.SampleResult -- sampleresult.nanoThreadSleep=5000
00:54:15.624 [Laboratoire Service Thread Group 1-2] INFO org.apache.jmeter.threads.JMeterThread -- Thread started: Laboratoire Service Thread Group 1-2
00:54:15.824 [Laboratoire Service Thread Group 1-3] INFO org.apache.jmeter.threads.JMeterThread -- Thread started: Laboratoire Service Thread Group 1-3
00:54:16.022 [Laboratoire Service Thread Group 1-4] INFO org.apache.jmeter.threads.JMeterThread -- Thread started: Laboratoire Service Thread Group 1-4
00:54:16.155 [Laboratoire Service Thread Group 1-2] INFO org.apache.jmeter.threads.JMeterThread -- Thread is done: Laboratoire Service Thread Group 1-2
00:54:16.155 [Laboratoire Service Thread Group 1-1] INFO org.apache.jmeter.threads.JMeterThread -- Thread is done: Laboratoire Service Thread Group 1-1
00:54:16.155 [Laboratoire Service Thread Group 1-1] INFO org.apache.jmeter.threads.JMeterThread -- Thread finished: Laboratoire Service Thread Group 1-1
00:54:16.155 [Laboratoire Service Thread Group 1-2] INFO org.apache.jmeter.threads.JMeterThread -- Thread finished: Laboratoire Service Thread Group 1-2
00:54:16.161 [Laboratoire Service Thread Group 1-3] INFO org.apache.jmeter.threads.JMeterThread -- Thread is done: Laboratoire Service Thread Group 1-3
00:54:16.162 [Laboratoire Service Thread Group 1-3] INFO org.apache.jmeter.threads.JMeterThread -- Thread finished: Laboratoire Service Thread Group 1-3
00:54:16.178 [Laboratoire Service Thread Group 1-4] INFO org.apache.jmeter.threads.JMeterThread -- Thread is done: Laboratoire Service Thread Group 1-4
00:54:16.178 [Laboratoire Service Thread Group 1-4] INFO org.apache.jmeter.threads.JMeterThread -- Thread finished: Laboratoire Service Thread Group 1-4
00:54:16.221 [Laboratoire Service Thread Group 1-5] INFO org.apache.jmeter.threads.JMeterThread -- Thread started: Laboratoire Service Thread Group 1-5
00:54:16.314 [Laboratoire Service Thread Group 1-5] INFO org.apache.jmeter.threads.JMeterThread -- Thread is done: Laboratoire Service Thread Group 1-5
00:54:16.314 [Laboratoire Service Thread Group 1-5] INFO org.apache.jmeter.threads.JMeterThread -- Thread finished: Laboratoire Service Thread Group 1-5
00:54:16.424 [Laboratoire Service Thread Group 1-6] INFO org.apache.jmeter.threads.JMeterThread -- Thread started: Laboratoire Service Thread Group 1-6
00:54:16.566 [Laboratoire Service Thread Group 1-6] INFO org.apache.jmeter.threads.JMeterThread -- Thread is done: Laboratoire Service Thread Group 1-6
00:54:16.566 [Laboratoire Service Thread Group 1-6] INFO org.apache.jmeter.threads.JMeterThread -- Thread finished: Laboratoire Service Thread Group 1-6
00:54:16.622 [Laboratoire Service Thread Group 1-7] INFO org.apache.jmeter.threads.JMeterThread -- Thread started: Laboratoire Service Thread Group 1-7
00:54:16.820 [Laboratoire Service Thread Group 1-7] INFO org.apache.jmeter.threads.JMeterThread -- Thread is done: Laboratoire Service Thread Group 1-7
00:54:16.820 [Laboratoire Service Thread Group 1-7] INFO org.apache.jmeter.threads.JMeterThread -- Thread finished: Laboratoire Service Thread Group 1-7
00:54:16.821 [Laboratoire Service Thread Group 1-8] INFO org.apache.jmeter.threads.JMeterThread -- Thread started: Laboratoire Service Thread Group 1-8
00:54:16.915 [Laboratoire Service Thread Group 1-8] INFO org.apache.jmeter.threads.JMeterThread -- Thread is done: Laboratoire Service Thread Group 1-8
00:54:16.915 [Laboratoire Service Thread Group 1-8] INFO org.apache.jmeter.threads.JMeterThread -- Thread finished: Laboratoire Service Thread Group 1-8
00:54:17.020 [Laboratoire Service Thread Group 1-9] INFO org.apache.jmeter.threads.JMeterThread -- Thread started: Laboratoire Service Thread Group 1-9
00:54:17.122 [Laboratoire Service Thread Group 1-9] INFO org.apache.jmeter.threads.JMeterThread -- Thread is done: Laboratoire Service Thread Group 1-9
00:54:17.122 [Laboratoire Service Thread Group 1-9] INFO org.apache.jmeter.threads.JMeterThread -- Thread finished: Laboratoire Service Thread Group 1-9
00:54:17.219 [Laboratoire Service Thread Group 1-10] INFO org.apache.jmeter.threads.JMeterThread -- Thread started: Laboratoire Service Thread Group 1-10
00:54:17.419 [Laboratoire Service Thread Group 1-11] INFO org.apache.jmeter.threads.JMeterThread -- Thread started: Laboratoire Service Thread Group 1-11
00:54:17.454 [Laboratoire Service Thread Group 1-10] INFO org.apache.jmeter.threads.JMeterThread -- Thread is done: Laboratoire Service Thread Group 1-10
00:54:17.455 [Laboratoire Service Thread Group 1-10] INFO org.apache.jmeter.threads.JMeterThread -- Thread finished: Laboratoire Service Thread Group 1-10
00:54:17.534 [Laboratoire Service Thread Group 1-11] INFO org.apache.jmeter.threads.JMeterThread -- Thread is done: Laboratoire Service Thread Group 1-11
00:54:17.534 [Laboratoire Service Thread Group 1-11] INFO org.apache.jmeter.threads.JMeterThread -- Thread finished: Laboratoire Service Thread Group 1-11
00:54:17.619 [Laboratoire Service Thread Group 1-12] INFO org.apache.jmeter.threads.JMeterThread -- Thread started: Laboratoire Service Thread Group 1-12
00:54:17.811 [Laboratoire Service Thread Group 1-12] INFO org.apache.jmeter.threads.JMeterThread -- Thread is done: Laboratoire Service Thread Group 1-12
00:54:17.811 [Laboratoire Service Thread Group 1-12] INFO org.apache.jmeter.threads.JMeterThread -- Thread finished: Laboratoire Service Thread Group 1-12
00:54:17.818 [Laboratoire Service Thread Group 1-13] INFO org.apache.jmeter.threads.JMeterThread -- Thread started: Laboratoire Service Thread Group 1-13
00:54:17.937 [Laboratoire Service Thread Group 1-13] INFO org.apache.jmeter.threads.JMeterThread -- Thread is done: Laboratoire Service Thread Group 1-13
00:54:17.938 [Laboratoire Service Thread Group 1-13] INFO org.apache.jmeter.threads.JMeterThread -- Thread finished: Laboratoire Service Thread Group 1-13
00:54:18.019 [Laboratoire Service Thread Group 1-14] INFO org.apache.jmeter.threads.JMeterThread -- Thread started: Laboratoire Service Thread Group 1-14
00:54:18.134 [Laboratoire Service Thread Group 1-14] INFO org.apache.jmeter.threads.JMeterThread -- Thread is done: Laboratoire Service Thread Group 1-14
00:54:18.134 [Laboratoire Service Thread Group 1-14] INFO org.apache.jmeter.threads.JMeterThread -- Thread finished: Laboratoire Service Thread Group 1-14
00:54:18.219 [Laboratoire Service Thread Group 1-15] INFO org.apache.jmeter.threads.JMeterThread -- Thread started: Laboratoire Service Thread Group 1-15
00:54:18.419 [Laboratoire Service Thread Group 1-15] INFO org.apache.jmeter.threads.JMeterThread -- Thread is done: Laboratoire Service Thread Group 1-15
00:54:18.419 [Laboratoire Service Thread Group 1-15] INFO org.apache.jmeter.threads.JMeterThread -- Thread finished: Laboratoire Service Thread Group 1-15
00:54:18.421 [Laboratoire Service Thread Group 1-16] INFO org.apache.jmeter.threads.JMeterThread -- Thread started: Laboratoire Service Thread Group 1-16
00:54:18.503 [Laboratoire Service Thread Group 1-16] INFO org.apache.jmeter.threads.JMeterThread -- Thread is done: Laboratoire Service Thread Group 1-16
00:54:18.504 [Laboratoire Service Thread Group 1-16] INFO org.apache.jmeter.threads.JMeterThread -- Thread finished: Laboratoire Service Thread Group 1-16
00:54:18.618 [Laboratoire Service Thread Group 1-17] INFO org.apache.jmeter.threads.JMeterThread -- Thread started: Laboratoire Service Thread Group 1-17
00:54:18.719 [Laboratoire Service Thread Group 1-17] INFO org.apache.jmeter.threads.JMeterThread -- Thread is done: Laboratoire Service Thread Group 1-17
00:54:18.719 [Laboratoire Service Thread Group 1-17] INFO org.apache.jmeter.threads.JMeterThread -- Thread finished: Laboratoire Service Thread Group 1-17
00:54:18.818 [Laboratoire Service Thread Group 1-18] INFO org.apache.jmeter.threads.JMeterThread -- Thread started: Laboratoire Service Thread Group 1-18
00:54:18.902 [Laboratoire Service Thread Group 1-18] INFO org.apache.jmeter.threads.JMeterThread -- Thread is done: Laboratoire Service Thread Group 1-18
00:54:18.902 [Laboratoire Service Thread Group 1-18] INFO org.apache.jmeter.threads.JMeterThread -- Thread finished: Laboratoire Service Thread Group 1-18
00:54:19.018 [Laboratoire Service Thread Group 1-19] INFO org.apache.jmeter.threads.JMeterThread -- Thread started: Laboratoire Service Thread Group 1-19
00:54:19.163 [Laboratoire Service Thread Group 1-19] INFO org.apache.jmeter.threads.JMeterThread -- Thread is done: Laboratoire Service Thread Group 1-19
00:54:19.164 [Laboratoire Service Thread Group 1-19] INFO org.apache.jmeter.threads.JMeterThread -- Thread finished: Laboratoire Service Thread Group 1-19
00:54:19.219 [Laboratoire Service Thread Group 1-20] INFO org.apache.jmeter.threads.JMeterThread -- Thread started: Laboratoire Service Thread Group 1-20
00:54:19.356 [Laboratoire Service Thread Group 1-20] INFO org.apache.jmeter.threads.JMeterThread -- Thread is done: Laboratoire Service Thread Group 1-20
00:54:19.356 [Laboratoire Service Thread Group 1-20] INFO org.apache.jmeter.threads.JMeterThread -- Thread finished: Laboratoire Service Thread Group 1-20
00:54:19.418 [Laboratoire Service Thread Group 1-21] INFO org.apache.jmeter.threads.JMeterThread -- Thread started: Laboratoire Service Thread Group 1-21
00:54:19.545 [Laboratoire Service Thread Group 1-21] INFO org.apache.jmeter.threads.JMeterThread -- Thread is done: Laboratoire Service Thread Group 1-21
00:54:19.545 [Laboratoire Service Thread Group 1-21] INFO org.apache.jmeter.threads.JMeterThread -- Thread finished: Laboratoire Service Thread Group 1-21
00:54:19.619 [Laboratoire Service Thread Group 1-22] INFO org.apache.jmeter.threads.JMeterThread -- Thread started: Laboratoire Service Thread Group 1-22
00:54:19.764 [Laboratoire Service Thread Group 1-22] INFO org.apache.jmeter.threads.JMeterThread -- Thread is done: Laboratoire Service Thread Group 1-22
00:54:19.764 [Laboratoire Service Thread Group 1-22] INFO org.apache.jmeter.threads.JMeterThread -- Thread finished: Laboratoire Service Thread Group 1-22
00:54:19.819 [Laboratoire Service Thread Group 1-23] INFO org.apache.jmeter.threads.JMeterThread -- Thread started: Laboratoire Service Thread Group 1-23
00:54:19.955 [Laboratoire Service Thread Group 1-23] INFO org.apache.jmeter.threads.JMeterThread -- Thread is done: Laboratoire Service Thread Group 1-23
00:54:19.955 [Laboratoire Service Thread Group 1-23] INFO org.apache.jmeter.threads.JMeterThread -- Thread finished: Laboratoire Service Thread Group 1-23
00:54:20.019 [Laboratoire Service Thread Group 1-24] INFO org.apache.jmeter.threads.JMeterThread -- Thread started: Laboratoire Service Thread Group 1-24
00:54:20.161 [Laboratoire Service Thread Group 1-24] INFO org.apache.jmeter.threads.JMeterThread -- Thread is done: Laboratoire Service Thread Group 1-24
00:54:20.162 [Laboratoire Service Thread Group 1-24] INFO org.apache.jmeter.threads.JMeterThread -- Thread finished: Laboratoire Service Thread Group 1-24
00:54:20.219 [Laboratoire Service Thread Group 1-25] INFO org.apache.jmeter.threads.JMeterThread -- Thread started: Laboratoire Service Thread Group 1-25
00:54:20.370 [Laboratoire Service Thread Group 1-25] INFO org.apache.jmeter.threads.JMeterThread -- Thread is done: Laboratoire Service Thread Group 1-25
00:54:20.371 [Laboratoire Service Thread Group 1-25] INFO org.apache.jmeter.threads.JMeterThread -- Thread finished: Laboratoire Service Thread Group 1-25
00:54:20.421 [Laboratoire Service Thread Group 1-26] INFO org.apache.jmeter.threads.JMeterThread -- Thread started: Laboratoire Service Thread Group 1-26
00:54:20.591 [Laboratoire Service Thread Group 1-26] INFO org.apache.jmeter.threads.JMeterThread -- Thread is done: Laboratoire Service Thread Group 1-26
00:54:20.591 [Laboratoire Service Thread Group 1-26] INFO org.apache.jmeter.threads.JMeterThread -- Thread finished: Laboratoire Service Thread Group 1-26
00:54:20.622 [Laboratoire Service Thread Group 1-27] INFO org.apache.jmeter.threads.JMeterThread -- Thread started: Laboratoire Service Thread Group 1-27
00:54:20.708 [Laboratoire Service Thread Group 1-27] INFO org.apache.jmeter.threads.JMeterThread -- Thread is done: Laboratoire Service Thread Group 1-27
00:54:20.709 [Laboratoire Service Thread Group 1-27] INFO org.apache.jmeter.threads.JMeterThread -- Thread finished: Laboratoire Service Thread Group 1-27
00:54:20.819 [Laboratoire Service Thread Group 1-28] INFO org.apache.jmeter.threads.JMeterThread -- Thread started: Laboratoire Service Thread Group 1-28
00:54:21.024 [Laboratoire Service Thread Group 1-29] INFO org.apache.jmeter.threads.JMeterThread -- Thread started: Laboratoire Service Thread Group 1-29
00:54:21.032 [Laboratoire Service Thread Group 1-28] INFO org.apache.jmeter.threads.JMeterThread -- Thread is done: Laboratoire Service Thread Group 1-28
00:54:21.033 [Laboratoire Service Thread Group 1-28] INFO org.apache.jmeter.threads.JMeterThread -- Thread finished: Laboratoire Service Thread Group 1-28
00:54:21.132 [Laboratoire Service Thread Group 1-29] INFO org.apache.jmeter.threads.JMeterThread -- Thread is done: Laboratoire Service Thread Group 1-29
00:54:21.133 [Laboratoire Service Thread Group 1-29] INFO org.apache.jmeter.threads.JMeterThread -- Thread finished: Laboratoire Service Thread Group 1-29
00:54:21.221 [Laboratoire Service Thread Group 1-30] INFO org.apache.jmeter.threads.JMeterThread -- Thread started: Laboratoire Service Thread Group 1-30
00:54:21.368 [Laboratoire Service Thread Group 1-30] INFO org.apache.jmeter.threads.JMeterThread -- Thread is done: Laboratoire Service Thread Group 1-30
00:54:21.368 [Laboratoire Service Thread Group 1-30] INFO org.apache.jmeter.threads.JMeterThread -- Thread finished: Laboratoire Service Thread Group 1-30
00:54:21.422 [Laboratoire Service Thread Group 1-31] INFO org.apache.jmeter.threads.JMeterThread -- Thread started: Laboratoire Service Thread Group 1-31
00:54:21.558 [Laboratoire Service Thread Group 1-31] INFO org.apache.jmeter.threads.JMeterThread -- Thread is done: Laboratoire Service Thread Group 1-31
00:54:21.559 [Laboratoire Service Thread Group 1-31] INFO org.apache.jmeter.threads.JMeterThread -- Thread finished: Laboratoire Service Thread Group 1-31
00:54:21.619 [Laboratoire Service Thread Group 1-32] INFO org.apache.jmeter.threads.JMeterThread -- Thread started: Laboratoire Service Thread Group 1-32
00:54:21.691 [Laboratoire Service Thread Group 1-32] INFO org.apache.jmeter.threads.JMeterThread -- Thread is done: Laboratoire Service Thread Group 1-32
00:54:21.692 [Laboratoire Service Thread Group 1-32] INFO org.apache.jmeter.threads.JMeterThread -- Thread finished: Laboratoire Service Thread Group 1-32
00:54:21.820 [Laboratoire Service Thread Group 1-33] INFO org.apache.jmeter.threads.JMeterThread -- Thread started: Laboratoire Service Thread Group 1-33
00:54:21.923 [Laboratoire Service Thread Group 1-33] INFO org.apache.jmeter.threads.JMeterThread -- Thread is done: Laboratoire Service Thread Group 1-33
00:54:21.924 [Laboratoire Service Thread Group 1-33] INFO org.apache.jmeter.threads.JMeterThread -- Thread finished: Laboratoire Service Thread Group 1-33
00:54:22.019 [Laboratoire Service Thread Group 1-34] INFO org.apache.jmeter.threads.JMeterThread -- Thread started: Laboratoire Service Thread Group 1-34
00:54:22.152 [Laboratoire Service Thread Group 1-34] INFO org.apache.jmeter.threads.JMeterThread -- Thread is done: Laboratoire Service Thread Group 1-34
00:54:22.152 [Laboratoire Service Thread Group 1-34] INFO org.apache.jmeter.threads.JMeterThread -- Thread finished: Laboratoire Service Thread Group 1-34
00:54:22.218 [Laboratoire Service Thread Group 1-35] INFO org.apache.jmeter.threads.JMeterThread -- Thread started: Laboratoire Service Thread Group 1-35
00:54:22.368 [Laboratoire Service Thread Group 1-35] INFO org.apache.jmeter.threads.JMeterThread -- Thread is done: Laboratoire Service Thread Group 1-35
00:54:22.368 [Laboratoire Service Thread Group 1-35] INFO org.apache.jmeter.threads.JMeterThread -- Thread finished: Laboratoire Service Thread Group 1-35
00:54:22.419 [Laboratoire Service Thread Group 1-36] INFO org.apache.jmeter.threads.JMeterThread -- Thread started: Laboratoire Service Thread Group 1-36
00:54:22.543 [Laboratoire Service Thread Group 1-36] INFO org.apache.jmeter.threads.JMeterThread -- Thread is done: Laboratoire Service Thread Group 1-36
00:54:22.544 [Laboratoire Service Thread Group 1-36] INFO org.apache.jmeter.threads.JMeterThread -- Thread finished: Laboratoire Service Thread Group 1-36
00:54:22.619 [Laboratoire Service Thread Group 1-37] INFO org.apache.jmeter.threads.JMeterThread -- Thread started: Laboratoire Service Thread Group 1-37
00:54:22.818 [Laboratoire Service Thread Group 1-38] INFO org.apache.jmeter.threads.JMeterThread -- Thread started: Laboratoire Service Thread Group 1-38
00:54:22.820 [Laboratoire Service Thread Group 1-37] INFO org.apache.jmeter.threads.JMeterThread -- Thread is done: Laboratoire Service Thread Group 1-37
00:54:22.821 [Laboratoire Service Thread Group 1-37] INFO org.apache.jmeter.threads.JMeterThread -- Thread finished: Laboratoire Service Thread Group 1-37
00:54:22.912 [Laboratoire Service Thread Group 1-38] INFO org.apache.jmeter.threads.JMeterThread -- Thread is done: Laboratoire Service Thread Group 1-38
00:54:22.913 [Laboratoire Service Thread Group 1-38] INFO org.apache.jmeter.threads.JMeterThread -- Thread finished: Laboratoire Service Thread Group 1-38
00:54:23.023 [Laboratoire Service Thread Group 1-39] INFO org.apache.jmeter.threads.JMeterThread -- Thread started: Laboratoire Service Thread Group 1-39
00:54:23.151 [Laboratoire Service Thread Group 1-39] INFO org.apache.jmeter.threads.JMeterThread -- Thread is done: Laboratoire Service Thread Group 1-39
00:54:23.151 [Laboratoire Service Thread Group 1-39] INFO org.apache.jmeter.threads.JMeterThread -- Thread finished: Laboratoire Service Thread Group 1-39
00:54:23.218 [Laboratoire Service Thread Group 1-40] INFO org.apache.jmeter.threads.JMeterThread -- Thread started: Laboratoire Service Thread Group 1-40
00:54:23.348 [Laboratoire Service Thread Group 1-40] INFO org.apache.jmeter.threads.JMeterThread -- Thread is done: Laboratoire Service Thread Group 1-40
00:54:23.348 [Laboratoire Service Thread Group 1-40] INFO org.apache.jmeter.threads.JMeterThread -- Thread finished: Laboratoire Service Thread Group 1-40
00:54:23.419 [Laboratoire Service Thread Group 1-41] INFO org.apache.jmeter.threads.JMeterThread -- Thread started: Laboratoire Service Thread Group 1-41
00:54:23.571 [Laboratoire Service Thread Group 1-41] INFO org.apache.jmeter.threads.JMeterThread -- Thread is done: Laboratoire Service Thread Group 1-41
00:54:23.571 [Laboratoire Service Thread Group 1-41] INFO org.apache.jmeter.threads.JMeterThread -- Thread finished: Laboratoire Service Thread Group 1-41
00:54:23.628 [Laboratoire Service Thread Group 1-42] INFO org.apache.jmeter.threads.JMeterThread -- Thread started: Laboratoire Service Thread Group 1-42
00:54:23.784 [Laboratoire Service Thread Group 1-42] INFO org.apache.jmeter.threads.JMeterThread -- Thread is done: Laboratoire Service Thread Group 1-42
00:54:23.785 [Laboratoire Service Thread Group 1-42] INFO org.apache.jmeter.threads.JMeterThread -- Thread finished: Laboratoire Service Thread Group 1-42
00:54:23.817 [Laboratoire Service Thread Group 1-43] INFO org.apache.jmeter.threads.JMeterThread -- Thread started: Laboratoire Service Thread Group 1-43
00:54:23.972 [Laboratoire Service Thread Group 1-43] INFO org.apache.jmeter.threads.JMeterThread -- Thread is done: Laboratoire Service Thread Group 1-43
00:54:23.972 [Laboratoire Service Thread Group 1-43] INFO org.apache.jmeter.threads.JMeterThread -- Thread finished: Laboratoire Service Thread Group 1-43
00:54:24.018 [Laboratoire Service Thread Group 1-44] INFO org.apache.jmeter.threads.JMeterThread -- Thread started: Laboratoire Service Thread Group 1-44
00:54:24.156 [Laboratoire Service Thread Group 1-44] INFO org.apache.jmeter.threads.JMeterThread -- Thread is done: Laboratoire Service Thread Group 1-44
00:54:24.156 [Laboratoire Service Thread Group 1-44] INFO org.apache.jmeter.threads.JMeterThread -- Thread finished: Laboratoire Service Thread Group 1-44
00:54:24.217 [Laboratoire Service Thread Group 1-45] INFO org.apache.jmeter.threads.JMeterThread -- Thread started: Laboratoire Service Thread Group 1-45
00:54:24.293 [Laboratoire Service Thread Group 1-45] INFO org.apache.jmeter.threads.JMeterThread -- Thread is done: Laboratoire Service Thread Group 1-45
00:54:24.293 [Laboratoire Service Thread Group 1-45] INFO org.apache.jmeter.threads.JMeterThread -- Thread finished: Laboratoire Service Thread Group 1-45
00:54:24.418 [Laboratoire Service Thread Group 1-46] INFO org.apache.jmeter.threads.JMeterThread -- Thread started: Laboratoire Service Thread Group 1-46
00:54:24.533 [Laboratoire Service Thread Group 1-46] INFO org.apache.jmeter.threads.JMeterThread -- Thread is done: Laboratoire Service Thread Group 1-46
00:54:24.533 [Laboratoire Service Thread Group 1-46] INFO org.apache.jmeter.threads.JMeterThread -- Thread finished: Laboratoire Service Thread Group 1-46
00:54:24.620 [Laboratoire Service Thread Group 1-47] INFO org.apache.jmeter.threads.JMeterThread -- Thread started: Laboratoire Service Thread Group 1-47
00:54:24.732 [Laboratoire Service Thread Group 1-47] INFO org.apache.jmeter.threads.JMeterThread -- Thread is done: Laboratoire Service Thread Group 1-47
00:54:24.732 [Laboratoire Service Thread Group 1-47] INFO org.apache.jmeter.threads.JMeterThread -- Thread finished: Laboratoire Service Thread Group 1-47
00:54:24.820 [Laboratoire Service Thread Group 1-48] INFO org.apache.jmeter.threads.JMeterThread -- Thread started: Laboratoire Service Thread Group 1-48
00:54:24.898 [Laboratoire Service Thread Group 1-48] INFO org.apache.jmeter.threads.JMeterThread -- Thread is done: Laboratoire Service Thread Group 1-48
00:54:24.898 [Laboratoire Service Thread Group 1-48] INFO org.apache.jmeter.threads.JMeterThread -- Thread finished: Laboratoire Service Thread Group 1-48
00:54:25.019 [Laboratoire Service Thread Group 1-49] INFO org.apache.jmeter.threads.JMeterThread -- Thread started: Laboratoire Service Thread Group 1-49
00:54:25.169 [Laboratoire Service Thread Group 1-49] INFO org.apache.jmeter.threads.JMeterThread -- Thread is done: Laboratoire Service Thread Group 1-49
00:54:25.169 [Laboratoire Service Thread Group 1-49] INFO org.apache.jmeter.threads.JMeterThread -- Thread finished: Laboratoire Service Thread Group 1-49
00:54:25.219 [Laboratoire Service Thread Group 1-50] INFO org.apache.jmeter.threads.JMeterThread -- Thread started: Laboratoire Service Thread Group 1-50
00:54:25.371 [Laboratoire Service Thread Group 1-50] INFO org.apache.jmeter.threads.JMeterThread -- Thread is done: Laboratoire Service Thread Group 1-50
00:54:25.372 [Laboratoire Service Thread Group 1-50] INFO org.apache.jmeter.threads.JMeterThread -- Thread finished: Laboratoire Service Thread Group 1-50
00:54:25.372 [main] INFO org.apache.jmeter.engine.StandardJMeterEngine -- Notifying test listeners of end of test
00:54:25.374 [main] INFO org.apache.jmeter.reporters.Summariser -- Laboratoire Service Performance Results =    500 in 00:00:10 =   50.1/s Avg:    14 Min:     3 Max:   270 Err:   250 (50.00%)
Laboratoire Service Performance Results =    500 in 00:00:10 =   50.1/s Avg:    14 Min:     3 Max:   270 Err:   250 (50.00%)
Performance test completed. Results saved to: target/jmeter/results_20241228_005415.jtl
]]></system-out>
  </testcase>
</testsuite>